<?xml version="1.0" encoding="UTF-8"?>
<testsuite xmlns:xsi="http://www.w3.org/2001/XMLSchema-instance" xsi:noNamespaceSchemaLocation="https://maven.apache.org/surefire/maven-surefire-plugin/xsd/surefire-test-report.xsd" name="com.recycle.RecycleApplicationTests" time="8.456" tests="1" errors="0" skipped="0" failures="0">
  <properties>
    <property name="sun.desktop" value="windows"/>
    <property name="awt.toolkit" value="sun.awt.windows.WToolkit"/>
    <property name="file.encoding.pkg" value="sun.io"/>
    <property name="java.specification.version" value="1.8"/>
    <property name="sun.cpu.isalist" value="amd64"/>
    <property name="sun.jnu.encoding" value="GBK"/>
    <property name="java.class.path" value="C:\Users\HP\Desktop\recycle\recycle_Backstage\target\test-classes;C:\Users\HP\Desktop\recycle\recycle_Backstage\target\classes;F:\maven3.5.3\repository\org\springframework\boot\spring-boot-starter-web\2.1.2.RELEASE\spring-boot-starter-web-2.1.2.RELEASE.jar;F:\maven3.5.3\repository\org\springframework\boot\spring-boot-starter\2.1.2.RELEASE\spring-boot-starter-2.1.2.RELEASE.jar;F:\maven3.5.3\repository\org\springframework\boot\spring-boot\2.1.2.RELEASE\spring-boot-2.1.2.RELEASE.jar;F:\maven3.5.3\repository\org\springframework\boot\spring-boot-autoconfigure\2.1.2.RELEASE\spring-boot-autoconfigure-2.1.2.RELEASE.jar;F:\maven3.5.3\repository\org\springframework\boot\spring-boot-starter-logging\2.1.2.RELEASE\spring-boot-starter-logging-2.1.2.RELEASE.jar;F:\maven3.5.3\repository\ch\qos\logback\logback-classic\1.2.3\logback-classic-1.2.3.jar;F:\maven3.5.3\repository\ch\qos\logback\logback-core\1.2.3\logback-core-1.2.3.jar;F:\maven3.5.3\repository\org\apache\logging\log4j\log4j-to-slf4j\2.11.1\log4j-to-slf4j-2.11.1.jar;F:\maven3.5.3\repository\org\apache\logging\log4j\log4j-api\2.11.1\log4j-api-2.11.1.jar;F:\maven3.5.3\repository\org\slf4j\jul-to-slf4j\1.7.25\jul-to-slf4j-1.7.25.jar;F:\maven3.5.3\repository\org\yaml\snakeyaml\1.23\snakeyaml-1.23.jar;F:\maven3.5.3\repository\org\springframework\boot\spring-boot-starter-json\2.1.2.RELEASE\spring-boot-starter-json-2.1.2.RELEASE.jar;F:\maven3.5.3\repository\com\fasterxml\jackson\datatype\jackson-datatype-jdk8\2.9.8\jackson-datatype-jdk8-2.9.8.jar;F:\maven3.5.3\repository\com\fasterxml\jackson\datatype\jackson-datatype-jsr310\2.9.8\jackson-datatype-jsr310-2.9.8.jar;F:\maven3.5.3\repository\com\fasterxml\jackson\module\jackson-module-parameter-names\2.9.8\jackson-module-parameter-names-2.9.8.jar;F:\maven3.5.3\repository\org\hibernate\validator\hibernate-validator\6.0.14.Final\hibernate-validator-6.0.14.Final.jar;F:\maven3.5.3\repository\javax\validation\validation-api\2.0.1.Final\validation-api-2.0.1.Final.jar;F:\maven3.5.3\repository\org\jboss\logging\jboss-logging\3.3.2.Final\jboss-logging-3.3.2.Final.jar;F:\maven3.5.3\repository\org\springframework\spring-web\5.1.4.RELEASE\spring-web-5.1.4.RELEASE.jar;F:\maven3.5.3\repository\org\springframework\spring-beans\5.1.4.RELEASE\spring-beans-5.1.4.RELEASE.jar;F:\maven3.5.3\repository\org\springframework\spring-webmvc\5.1.4.RELEASE\spring-webmvc-5.1.4.RELEASE.jar;F:\maven3.5.3\repository\org\springframework\spring-context\5.1.4.RELEASE\spring-context-5.1.4.RELEASE.jar;F:\maven3.5.3\repository\org\springframework\spring-expression\5.1.4.RELEASE\spring-expression-5.1.4.RELEASE.jar;F:\maven3.5.3\repository\org\springframework\boot\spring-boot-starter-tomcat\2.1.2.RELEASE\spring-boot-starter-tomcat-2.1.2.RELEASE.jar;F:\maven3.5.3\repository\javax\annotation\javax.annotation-api\1.3.2\javax.annotation-api-1.3.2.jar;F:\maven3.5.3\repository\org\apache\tomcat\embed\tomcat-embed-core\9.0.14\tomcat-embed-core-9.0.14.jar;F:\maven3.5.3\repository\org\apache\tomcat\embed\tomcat-embed-el\9.0.14\tomcat-embed-el-9.0.14.jar;F:\maven3.5.3\repository\org\apache\tomcat\embed\tomcat-embed-websocket\9.0.14\tomcat-embed-websocket-9.0.14.jar;F:\maven3.5.3\repository\org\springframework\boot\spring-boot-starter-test\2.1.2.RELEASE\spring-boot-starter-test-2.1.2.RELEASE.jar;F:\maven3.5.3\repository\org\springframework\boot\spring-boot-test\2.1.2.RELEASE\spring-boot-test-2.1.2.RELEASE.jar;F:\maven3.5.3\repository\org\springframework\boot\spring-boot-test-autoconfigure\2.1.2.RELEASE\spring-boot-test-autoconfigure-2.1.2.RELEASE.jar;F:\maven3.5.3\repository\com\jayway\jsonpath\json-path\2.4.0\json-path-2.4.0.jar;F:\maven3.5.3\repository\net\minidev\json-smart\2.3\json-smart-2.3.jar;F:\maven3.5.3\repository\net\minidev\accessors-smart\1.2\accessors-smart-1.2.jar;F:\maven3.5.3\repository\org\ow2\asm\asm\5.0.4\asm-5.0.4.jar;F:\maven3.5.3\repository\junit\junit\4.12\junit-4.12.jar;F:\maven3.5.3\repository\org\assertj\assertj-core\3.11.1\assertj-core-3.11.1.jar;F:\maven3.5.3\repository\org\mockito\mockito-core\2.23.4\mockito-core-2.23.4.jar;F:\maven3.5.3\repository\net\bytebuddy\byte-buddy\1.9.7\byte-buddy-1.9.7.jar;F:\maven3.5.3\repository\net\bytebuddy\byte-buddy-agent\1.9.7\byte-buddy-agent-1.9.7.jar;F:\maven3.5.3\repository\org\objenesis\objenesis\2.6\objenesis-2.6.jar;F:\maven3.5.3\repository\org\hamcrest\hamcrest-core\1.3\hamcrest-core-1.3.jar;F:\maven3.5.3\repository\org\hamcrest\hamcrest-library\1.3\hamcrest-library-1.3.jar;F:\maven3.5.3\repository\org\skyscreamer\jsonassert\1.5.0\jsonassert-1.5.0.jar;F:\maven3.5.3\repository\com\vaadin\external\google\android-json\0.0.20131108.vaadin1\android-json-0.0.20131108.vaadin1.jar;F:\maven3.5.3\repository\org\springframework\spring-core\5.1.4.RELEASE\spring-core-5.1.4.RELEASE.jar;F:\maven3.5.3\repository\org\springframework\spring-jcl\5.1.4.RELEASE\spring-jcl-5.1.4.RELEASE.jar;F:\maven3.5.3\repository\org\springframework\spring-test\5.1.4.RELEASE\spring-test-5.1.4.RELEASE.jar;F:\maven3.5.3\repository\org\xmlunit\xmlunit-core\2.6.2\xmlunit-core-2.6.2.jar;F:\maven3.5.3\repository\org\springframework\boot\spring-boot-starter-jdbc\2.1.2.RELEASE\spring-boot-starter-jdbc-2.1.2.RELEASE.jar;F:\maven3.5.3\repository\com\zaxxer\HikariCP\3.2.0\HikariCP-3.2.0.jar;F:\maven3.5.3\repository\org\springframework\spring-jdbc\5.1.4.RELEASE\spring-jdbc-5.1.4.RELEASE.jar;F:\maven3.5.3\repository\org\springframework\spring-tx\5.1.4.RELEASE\spring-tx-5.1.4.RELEASE.jar;F:\maven3.5.3\repository\mysql\mysql-connector-java\8.0.13\mysql-connector-java-8.0.13.jar;F:\maven3.5.3\repository\com\alibaba\druid\1.1.12\druid-1.1.12.jar;F:\maven3.5.3\repository\com\google\code\gson\gson\2.6.1\gson-2.6.1.jar;F:\maven3.5.3\repository\org\springframework\boot\spring-boot-starter-aop\2.1.2.RELEASE\spring-boot-starter-aop-2.1.2.RELEASE.jar;F:\maven3.5.3\repository\org\springframework\spring-aop\5.1.4.RELEASE\spring-aop-5.1.4.RELEASE.jar;F:\maven3.5.3\repository\org\aspectj\aspectjweaver\1.9.2\aspectjweaver-1.9.2.jar;F:\maven3.5.3\repository\org\mybatis\spring\boot\mybatis-spring-boot-starter\1.3.2\mybatis-spring-boot-starter-1.3.2.jar;F:\maven3.5.3\repository\org\mybatis\spring\boot\mybatis-spring-boot-autoconfigure\1.3.2\mybatis-spring-boot-autoconfigure-1.3.2.jar;F:\maven3.5.3\repository\org\mybatis\mybatis\3.4.6\mybatis-3.4.6.jar;F:\maven3.5.3\repository\org\mybatis\mybatis-spring\1.3.2\mybatis-spring-1.3.2.jar;F:\maven3.5.3\repository\org\springframework\boot\spring-boot-starter-data-redis\2.1.2.RELEASE\spring-boot-starter-data-redis-2.1.2.RELEASE.jar;F:\maven3.5.3\repository\org\springframework\data\spring-data-redis\2.1.4.RELEASE\spring-data-redis-2.1.4.RELEASE.jar;F:\maven3.5.3\repository\org\springframework\data\spring-data-keyvalue\2.1.4.RELEASE\spring-data-keyvalue-2.1.4.RELEASE.jar;F:\maven3.5.3\repository\org\springframework\data\spring-data-commons\2.1.4.RELEASE\spring-data-commons-2.1.4.RELEASE.jar;F:\maven3.5.3\repository\org\springframework\spring-oxm\5.1.4.RELEASE\spring-oxm-5.1.4.RELEASE.jar;F:\maven3.5.3\repository\org\springframework\spring-context-support\5.1.4.RELEASE\spring-context-support-5.1.4.RELEASE.jar;F:\maven3.5.3\repository\io\lettuce\lettuce-core\5.1.3.RELEASE\lettuce-core-5.1.3.RELEASE.jar;F:\maven3.5.3\repository\io\projectreactor\reactor-core\3.2.5.RELEASE\reactor-core-3.2.5.RELEASE.jar;F:\maven3.5.3\repository\org\reactivestreams\reactive-streams\1.0.2\reactive-streams-1.0.2.jar;F:\maven3.5.3\repository\io\netty\netty-common\4.1.31.Final\netty-common-4.1.31.Final.jar;F:\maven3.5.3\repository\io\netty\netty-transport\4.1.31.Final\netty-transport-4.1.31.Final.jar;F:\maven3.5.3\repository\io\netty\netty-buffer\4.1.31.Final\netty-buffer-4.1.31.Final.jar;F:\maven3.5.3\repository\io\netty\netty-resolver\4.1.31.Final\netty-resolver-4.1.31.Final.jar;F:\maven3.5.3\repository\io\netty\netty-handler\4.1.31.Final\netty-handler-4.1.31.Final.jar;F:\maven3.5.3\repository\io\netty\netty-codec\4.1.31.Final\netty-codec-4.1.31.Final.jar;F:\maven3.5.3\repository\com\github\pagehelper\pagehelper-spring-boot-starter\1.2.10\pagehelper-spring-boot-starter-1.2.10.jar;F:\maven3.5.3\repository\com\github\pagehelper\pagehelper-spring-boot-autoconfigure\1.2.10\pagehelper-spring-boot-autoconfigure-1.2.10.jar;F:\maven3.5.3\repository\com\github\pagehelper\pagehelper\5.1.8\pagehelper-5.1.8.jar;F:\maven3.5.3\repository\com\github\jsqlparser\jsqlparser\1.2\jsqlparser-1.2.jar;F:\maven3.5.3\repository\io\springfox\springfox-swagger2\2.9.2\springfox-swagger2-2.9.2.jar;F:\maven3.5.3\repository\io\swagger\swagger-annotations\1.5.20\swagger-annotations-1.5.20.jar;F:\maven3.5.3\repository\io\swagger\swagger-models\1.5.20\swagger-models-1.5.20.jar;F:\maven3.5.3\repository\com\fasterxml\jackson\core\jackson-annotations\2.9.0\jackson-annotations-2.9.0.jar;F:\maven3.5.3\repository\io\springfox\springfox-spi\2.9.2\springfox-spi-2.9.2.jar;F:\maven3.5.3\repository\io\springfox\springfox-core\2.9.2\springfox-core-2.9.2.jar;F:\maven3.5.3\repository\io\springfox\springfox-schema\2.9.2\springfox-schema-2.9.2.jar;F:\maven3.5.3\repository\io\springfox\springfox-swagger-common\2.9.2\springfox-swagger-common-2.9.2.jar;F:\maven3.5.3\repository\io\springfox\springfox-spring-web\2.9.2\springfox-spring-web-2.9.2.jar;F:\maven3.5.3\repository\com\google\guava\guava\20.0\guava-20.0.jar;F:\maven3.5.3\repository\com\fasterxml\classmate\1.4.0\classmate-1.4.0.jar;F:\maven3.5.3\repository\org\slf4j\slf4j-api\1.7.25\slf4j-api-1.7.25.jar;F:\maven3.5.3\repository\org\springframework\plugin\spring-plugin-core\1.2.0.RELEASE\spring-plugin-core-1.2.0.RELEASE.jar;F:\maven3.5.3\repository\org\springframework\plugin\spring-plugin-metadata\1.2.0.RELEASE\spring-plugin-metadata-1.2.0.RELEASE.jar;F:\maven3.5.3\repository\org\mapstruct\mapstruct\1.2.0.Final\mapstruct-1.2.0.Final.jar;F:\maven3.5.3\repository\io\springfox\springfox-swagger-ui\2.9.2\springfox-swagger-ui-2.9.2.jar;F:\maven3.5.3\repository\org\projectlombok\lombok\1.16.22\lombok-1.16.22.jar;F:\maven3.5.3\repository\io\jsonwebtoken\jjwt\0.9.0\jjwt-0.9.0.jar;F:\maven3.5.3\repository\com\fasterxml\jackson\core\jackson-databind\2.9.8\jackson-databind-2.9.8.jar;F:\maven3.5.3\repository\com\fasterxml\jackson\core\jackson-core\2.9.8\jackson-core-2.9.8.jar;F:\maven3.5.3\repository\com\auth0\java-jwt\3.4.0\java-jwt-3.4.0.jar;F:\maven3.5.3\repository\commons-codec\commons-codec\1.11\commons-codec-1.11.jar;"/>
    <property name="java.vm.vendor" value="Oracle Corporation"/>
    <property name="sun.arch.data.model" value="64"/>
    <property name="user.variant" value=""/>
    <property name="java.vendor.url" value="http://java.oracle.com/"/>
    <property name="user.timezone" value="GMT+08:00"/>
    <property name="java.vm.specification.version" value="1.8"/>
    <property name="os.name" value="Windows 10"/>
    <property name="user.country" value="CN"/>
    <property name="sun.java.launcher" value="SUN_STANDARD"/>
    <property name="sun.boot.library.path" value="F:\jdk\jre\bin"/>
    <property name="sun.java.command" value="C:\Users\HP\AppData\Local\Temp\surefire6171666193675624132\surefirebooter1553279154990288963.jar C:\Users\HP\AppData\Local\Temp\surefire6171666193675624132 2019-02-15T20-30-44_751-jvmRun1 surefire5669226676658405335tmp surefire_01077615742018570269tmp"/>
    <property name="surefire.test.class.path" value="C:\Users\HP\Desktop\recycle\recycle_Backstage\target\test-classes;C:\Users\HP\Desktop\recycle\recycle_Backstage\target\classes;F:\maven3.5.3\repository\org\springframework\boot\spring-boot-starter-web\2.1.2.RELEASE\spring-boot-starter-web-2.1.2.RELEASE.jar;F:\maven3.5.3\repository\org\springframework\boot\spring-boot-starter\2.1.2.RELEASE\spring-boot-starter-2.1.2.RELEASE.jar;F:\maven3.5.3\repository\org\springframework\boot\spring-boot\2.1.2.RELEASE\spring-boot-2.1.2.RELEASE.jar;F:\maven3.5.3\repository\org\springframework\boot\spring-boot-autoconfigure\2.1.2.RELEASE\spring-boot-autoconfigure-2.1.2.RELEASE.jar;F:\maven3.5.3\repository\org\springframework\boot\spring-boot-starter-logging\2.1.2.RELEASE\spring-boot-starter-logging-2.1.2.RELEASE.jar;F:\maven3.5.3\repository\ch\qos\logback\logback-classic\1.2.3\logback-classic-1.2.3.jar;F:\maven3.5.3\repository\ch\qos\logback\logback-core\1.2.3\logback-core-1.2.3.jar;F:\maven3.5.3\repository\org\apache\logging\log4j\log4j-to-slf4j\2.11.1\log4j-to-slf4j-2.11.1.jar;F:\maven3.5.3\repository\org\apache\logging\log4j\log4j-api\2.11.1\log4j-api-2.11.1.jar;F:\maven3.5.3\repository\org\slf4j\jul-to-slf4j\1.7.25\jul-to-slf4j-1.7.25.jar;F:\maven3.5.3\repository\org\yaml\snakeyaml\1.23\snakeyaml-1.23.jar;F:\maven3.5.3\repository\org\springframework\boot\spring-boot-starter-json\2.1.2.RELEASE\spring-boot-starter-json-2.1.2.RELEASE.jar;F:\maven3.5.3\repository\com\fasterxml\jackson\datatype\jackson-datatype-jdk8\2.9.8\jackson-datatype-jdk8-2.9.8.jar;F:\maven3.5.3\repository\com\fasterxml\jackson\datatype\jackson-datatype-jsr310\2.9.8\jackson-datatype-jsr310-2.9.8.jar;F:\maven3.5.3\repository\com\fasterxml\jackson\module\jackson-module-parameter-names\2.9.8\jackson-module-parameter-names-2.9.8.jar;F:\maven3.5.3\repository\org\hibernate\validator\hibernate-validator\6.0.14.Final\hibernate-validator-6.0.14.Final.jar;F:\maven3.5.3\repository\javax\validation\validation-api\2.0.1.Final\validation-api-2.0.1.Final.jar;F:\maven3.5.3\repository\org\jboss\logging\jboss-logging\3.3.2.Final\jboss-logging-3.3.2.Final.jar;F:\maven3.5.3\repository\org\springframework\spring-web\5.1.4.RELEASE\spring-web-5.1.4.RELEASE.jar;F:\maven3.5.3\repository\org\springframework\spring-beans\5.1.4.RELEASE\spring-beans-5.1.4.RELEASE.jar;F:\maven3.5.3\repository\org\springframework\spring-webmvc\5.1.4.RELEASE\spring-webmvc-5.1.4.RELEASE.jar;F:\maven3.5.3\repository\org\springframework\spring-context\5.1.4.RELEASE\spring-context-5.1.4.RELEASE.jar;F:\maven3.5.3\repository\org\springframework\spring-expression\5.1.4.RELEASE\spring-expression-5.1.4.RELEASE.jar;F:\maven3.5.3\repository\org\springframework\boot\spring-boot-starter-tomcat\2.1.2.RELEASE\spring-boot-starter-tomcat-2.1.2.RELEASE.jar;F:\maven3.5.3\repository\javax\annotation\javax.annotation-api\1.3.2\javax.annotation-api-1.3.2.jar;F:\maven3.5.3\repository\org\apache\tomcat\embed\tomcat-embed-core\9.0.14\tomcat-embed-core-9.0.14.jar;F:\maven3.5.3\repository\org\apache\tomcat\embed\tomcat-embed-el\9.0.14\tomcat-embed-el-9.0.14.jar;F:\maven3.5.3\repository\org\apache\tomcat\embed\tomcat-embed-websocket\9.0.14\tomcat-embed-websocket-9.0.14.jar;F:\maven3.5.3\repository\org\springframework\boot\spring-boot-starter-test\2.1.2.RELEASE\spring-boot-starter-test-2.1.2.RELEASE.jar;F:\maven3.5.3\repository\org\springframework\boot\spring-boot-test\2.1.2.RELEASE\spring-boot-test-2.1.2.RELEASE.jar;F:\maven3.5.3\repository\org\springframework\boot\spring-boot-test-autoconfigure\2.1.2.RELEASE\spring-boot-test-autoconfigure-2.1.2.RELEASE.jar;F:\maven3.5.3\repository\com\jayway\jsonpath\json-path\2.4.0\json-path-2.4.0.jar;F:\maven3.5.3\repository\net\minidev\json-smart\2.3\json-smart-2.3.jar;F:\maven3.5.3\repository\net\minidev\accessors-smart\1.2\accessors-smart-1.2.jar;F:\maven3.5.3\repository\org\ow2\asm\asm\5.0.4\asm-5.0.4.jar;F:\maven3.5.3\repository\junit\junit\4.12\junit-4.12.jar;F:\maven3.5.3\repository\org\assertj\assertj-core\3.11.1\assertj-core-3.11.1.jar;F:\maven3.5.3\repository\org\mockito\mockito-core\2.23.4\mockito-core-2.23.4.jar;F:\maven3.5.3\repository\net\bytebuddy\byte-buddy\1.9.7\byte-buddy-1.9.7.jar;F:\maven3.5.3\repository\net\bytebuddy\byte-buddy-agent\1.9.7\byte-buddy-agent-1.9.7.jar;F:\maven3.5.3\repository\org\objenesis\objenesis\2.6\objenesis-2.6.jar;F:\maven3.5.3\repository\org\hamcrest\hamcrest-core\1.3\hamcrest-core-1.3.jar;F:\maven3.5.3\repository\org\hamcrest\hamcrest-library\1.3\hamcrest-library-1.3.jar;F:\maven3.5.3\repository\org\skyscreamer\jsonassert\1.5.0\jsonassert-1.5.0.jar;F:\maven3.5.3\repository\com\vaadin\external\google\android-json\0.0.20131108.vaadin1\android-json-0.0.20131108.vaadin1.jar;F:\maven3.5.3\repository\org\springframework\spring-core\5.1.4.RELEASE\spring-core-5.1.4.RELEASE.jar;F:\maven3.5.3\repository\org\springframework\spring-jcl\5.1.4.RELEASE\spring-jcl-5.1.4.RELEASE.jar;F:\maven3.5.3\repository\org\springframework\spring-test\5.1.4.RELEASE\spring-test-5.1.4.RELEASE.jar;F:\maven3.5.3\repository\org\xmlunit\xmlunit-core\2.6.2\xmlunit-core-2.6.2.jar;F:\maven3.5.3\repository\org\springframework\boot\spring-boot-starter-jdbc\2.1.2.RELEASE\spring-boot-starter-jdbc-2.1.2.RELEASE.jar;F:\maven3.5.3\repository\com\zaxxer\HikariCP\3.2.0\HikariCP-3.2.0.jar;F:\maven3.5.3\repository\org\springframework\spring-jdbc\5.1.4.RELEASE\spring-jdbc-5.1.4.RELEASE.jar;F:\maven3.5.3\repository\org\springframework\spring-tx\5.1.4.RELEASE\spring-tx-5.1.4.RELEASE.jar;F:\maven3.5.3\repository\mysql\mysql-connector-java\8.0.13\mysql-connector-java-8.0.13.jar;F:\maven3.5.3\repository\com\alibaba\druid\1.1.12\druid-1.1.12.jar;F:\maven3.5.3\repository\com\google\code\gson\gson\2.6.1\gson-2.6.1.jar;F:\maven3.5.3\repository\org\springframework\boot\spring-boot-starter-aop\2.1.2.RELEASE\spring-boot-starter-aop-2.1.2.RELEASE.jar;F:\maven3.5.3\repository\org\springframework\spring-aop\5.1.4.RELEASE\spring-aop-5.1.4.RELEASE.jar;F:\maven3.5.3\repository\org\aspectj\aspectjweaver\1.9.2\aspectjweaver-1.9.2.jar;F:\maven3.5.3\repository\org\mybatis\spring\boot\mybatis-spring-boot-starter\1.3.2\mybatis-spring-boot-starter-1.3.2.jar;F:\maven3.5.3\repository\org\mybatis\spring\boot\mybatis-spring-boot-autoconfigure\1.3.2\mybatis-spring-boot-autoconfigure-1.3.2.jar;F:\maven3.5.3\repository\org\mybatis\mybatis\3.4.6\mybatis-3.4.6.jar;F:\maven3.5.3\repository\org\mybatis\mybatis-spring\1.3.2\mybatis-spring-1.3.2.jar;F:\maven3.5.3\repository\org\springframework\boot\spring-boot-starter-data-redis\2.1.2.RELEASE\spring-boot-starter-data-redis-2.1.2.RELEASE.jar;F:\maven3.5.3\repository\org\springframework\data\spring-data-redis\2.1.4.RELEASE\spring-data-redis-2.1.4.RELEASE.jar;F:\maven3.5.3\repository\org\springframework\data\spring-data-keyvalue\2.1.4.RELEASE\spring-data-keyvalue-2.1.4.RELEASE.jar;F:\maven3.5.3\repository\org\springframework\data\spring-data-commons\2.1.4.RELEASE\spring-data-commons-2.1.4.RELEASE.jar;F:\maven3.5.3\repository\org\springframework\spring-oxm\5.1.4.RELEASE\spring-oxm-5.1.4.RELEASE.jar;F:\maven3.5.3\repository\org\springframework\spring-context-support\5.1.4.RELEASE\spring-context-support-5.1.4.RELEASE.jar;F:\maven3.5.3\repository\io\lettuce\lettuce-core\5.1.3.RELEASE\lettuce-core-5.1.3.RELEASE.jar;F:\maven3.5.3\repository\io\projectreactor\reactor-core\3.2.5.RELEASE\reactor-core-3.2.5.RELEASE.jar;F:\maven3.5.3\repository\org\reactivestreams\reactive-streams\1.0.2\reactive-streams-1.0.2.jar;F:\maven3.5.3\repository\io\netty\netty-common\4.1.31.Final\netty-common-4.1.31.Final.jar;F:\maven3.5.3\repository\io\netty\netty-transport\4.1.31.Final\netty-transport-4.1.31.Final.jar;F:\maven3.5.3\repository\io\netty\netty-buffer\4.1.31.Final\netty-buffer-4.1.31.Final.jar;F:\maven3.5.3\repository\io\netty\netty-resolver\4.1.31.Final\netty-resolver-4.1.31.Final.jar;F:\maven3.5.3\repository\io\netty\netty-handler\4.1.31.Final\netty-handler-4.1.31.Final.jar;F:\maven3.5.3\repository\io\netty\netty-codec\4.1.31.Final\netty-codec-4.1.31.Final.jar;F:\maven3.5.3\repository\com\github\pagehelper\pagehelper-spring-boot-starter\1.2.10\pagehelper-spring-boot-starter-1.2.10.jar;F:\maven3.5.3\repository\com\github\pagehelper\pagehelper-spring-boot-autoconfigure\1.2.10\pagehelper-spring-boot-autoconfigure-1.2.10.jar;F:\maven3.5.3\repository\com\github\pagehelper\pagehelper\5.1.8\pagehelper-5.1.8.jar;F:\maven3.5.3\repository\com\github\jsqlparser\jsqlparser\1.2\jsqlparser-1.2.jar;F:\maven3.5.3\repository\io\springfox\springfox-swagger2\2.9.2\springfox-swagger2-2.9.2.jar;F:\maven3.5.3\repository\io\swagger\swagger-annotations\1.5.20\swagger-annotations-1.5.20.jar;F:\maven3.5.3\repository\io\swagger\swagger-models\1.5.20\swagger-models-1.5.20.jar;F:\maven3.5.3\repository\com\fasterxml\jackson\core\jackson-annotations\2.9.0\jackson-annotations-2.9.0.jar;F:\maven3.5.3\repository\io\springfox\springfox-spi\2.9.2\springfox-spi-2.9.2.jar;F:\maven3.5.3\repository\io\springfox\springfox-core\2.9.2\springfox-core-2.9.2.jar;F:\maven3.5.3\repository\io\springfox\springfox-schema\2.9.2\springfox-schema-2.9.2.jar;F:\maven3.5.3\repository\io\springfox\springfox-swagger-common\2.9.2\springfox-swagger-common-2.9.2.jar;F:\maven3.5.3\repository\io\springfox\springfox-spring-web\2.9.2\springfox-spring-web-2.9.2.jar;F:\maven3.5.3\repository\com\google\guava\guava\20.0\guava-20.0.jar;F:\maven3.5.3\repository\com\fasterxml\classmate\1.4.0\classmate-1.4.0.jar;F:\maven3.5.3\repository\org\slf4j\slf4j-api\1.7.25\slf4j-api-1.7.25.jar;F:\maven3.5.3\repository\org\springframework\plugin\spring-plugin-core\1.2.0.RELEASE\spring-plugin-core-1.2.0.RELEASE.jar;F:\maven3.5.3\repository\org\springframework\plugin\spring-plugin-metadata\1.2.0.RELEASE\spring-plugin-metadata-1.2.0.RELEASE.jar;F:\maven3.5.3\repository\org\mapstruct\mapstruct\1.2.0.Final\mapstruct-1.2.0.Final.jar;F:\maven3.5.3\repository\io\springfox\springfox-swagger-ui\2.9.2\springfox-swagger-ui-2.9.2.jar;F:\maven3.5.3\repository\org\projectlombok\lombok\1.16.22\lombok-1.16.22.jar;F:\maven3.5.3\repository\io\jsonwebtoken\jjwt\0.9.0\jjwt-0.9.0.jar;F:\maven3.5.3\repository\com\fasterxml\jackson\core\jackson-databind\2.9.8\jackson-databind-2.9.8.jar;F:\maven3.5.3\repository\com\fasterxml\jackson\core\jackson-core\2.9.8\jackson-core-2.9.8.jar;F:\maven3.5.3\repository\com\auth0\java-jwt\3.4.0\java-jwt-3.4.0.jar;F:\maven3.5.3\repository\commons-codec\commons-codec\1.11\commons-codec-1.11.jar;"/>
    <property name="sun.cpu.endian" value="little"/>
    <property name="user.home" value="C:\Users\HP"/>
    <property name="user.language" value="zh"/>
    <property name="java.specification.vendor" value="Oracle Corporation"/>
    <property name="java.home" value="F:\jdk\jre"/>
    <property name="basedir" value="C:\Users\HP\Desktop\recycle\recycle_Backstage"/>
    <property name="file.separator" value="\"/>
    <property name="line.separator" value="&#10;"/>
    <property name="java.vm.specification.vendor" value="Oracle Corporation"/>
    <property name="java.specification.name" value="Java Platform API Specification"/>
    <property name="java.awt.graphicsenv" value="sun.awt.Win32GraphicsEnvironment"/>
    <property name="surefire.real.class.path" value="C:\Users\HP\AppData\Local\Temp\surefire6171666193675624132\surefirebooter1553279154990288963.jar"/>
    <property name="sun.boot.class.path" value="F:\jdk\jre\lib\resources.jar;F:\jdk\jre\lib\rt.jar;F:\jdk\jre\lib\sunrsasign.jar;F:\jdk\jre\lib\jsse.jar;F:\jdk\jre\lib\jce.jar;F:\jdk\jre\lib\charsets.jar;F:\jdk\jre\lib\jfr.jar;F:\jdk\jre\classes"/>
    <property name="user.script" value=""/>
    <property name="sun.management.compiler" value="HotSpot 64-Bit Tiered Compilers"/>
    <property name="java.runtime.version" value="1.8.0_152-b16"/>
    <property name="user.name" value="HP"/>
    <property name="path.separator" value=";"/>
    <property name="os.version" value="10.0"/>
    <property name="java.endorsed.dirs" value="F:\jdk\jre\lib\endorsed"/>
    <property name="java.runtime.name" value="Java(TM) SE Runtime Environment"/>
    <property name="file.encoding" value="GBK"/>
    <property name="java.vm.name" value="Java HotSpot(TM) 64-Bit Server VM"/>
    <property name="localRepository" value="F:\maven3.5.3\repository"/>
    <property name="java.vendor.url.bug" value="http://bugreport.sun.com/bugreport/"/>
    <property name="java.io.tmpdir" value="C:\Users\HP\AppData\Local\Temp\"/>
    <property name="idea.version" value="2018.3.4"/>
    <property name="java.version" value="1.8.0_152"/>
    <property name="user.dir" value="C:\Users\HP\Desktop\recycle\recycle_Backstage"/>
    <property name="os.arch" value="amd64"/>
    <property name="java.vm.specification.name" value="Java Virtual Machine Specification"/>
    <property name="java.awt.printerjob" value="sun.awt.windows.WPrinterJob"/>
    <property name="sun.os.patch.level" value=""/>
    <property name="java.library.path" value="F:\jdk\jre\bin;C:\WINDOWS\Sun\Java\bin;C:\WINDOWS\system32;C:\WINDOWS;F:\Xshell6\;C:\Program Files (x86)\Microsoft SDKs\Azure\CLI2\wbin;C:\WINDOWS\system32;C:\WINDOWS;C:\WINDOWS\System32\Wbem;C:\WINDOWS\System32\WindowsPowerShell\v1.0\;F:\jdk\Bin;F:\VS Code\Bin;F:\python;F:\tomcat\bin;F:\mysql\mysql-5.7.20-winx64\bin;C:\Program Files\dotnet\;C:\Program Files (x86)\Autodesk\Backburner\;C:\Program Files\Common Files\Autodesk Shared\;F:\maven3.5.3\bin;F:\tomcat\bin;F:\jdk\jre\bin;C:\WINDOWS\System32\OpenSSH\;C:\Program Files\Intel\WiFi\bin\;C:\Program Files\Common Files\Intel\WirelessCommon\;F:\VS Code\bin;F:\node.js\;F:\node.js\node_global;F:\maven3.5.3\bin;D:\Matlab2014b\runtime\win64;D:\Matlab2014b\bin;D:\Matlab2014b\polyspace\bin;F:\PuTTY\;F:\Git\Git\cmd;C:\Program Files\NVIDIA Corporation\NVIDIA NvDLISR;C:\Users\HP\AppData\Local\Microsoft\WindowsApps;;F:\VS Code\bin;C:\Users\HP\AppData\Roaming\npm;F:\IDEA\IntelliJ IDEA\bin;;."/>
    <property name="java.vm.info" value="mixed mode"/>
    <property name="java.vendor" value="Oracle Corporation"/>
    <property name="java.vm.version" value="25.152-b16"/>
    <property name="java.ext.dirs" value="F:\jdk\jre\lib\ext;C:\WINDOWS\Sun\Java\lib\ext"/>
    <property name="sun.io.unicode.encoding" value="UnicodeLittle"/>
    <property name="maven.repo.local" value="F:\maven3.5.3\repository"/>
    <property name="java.class.version" value="52.0"/>
  </properties>
  <testcase name="contextLoads" classname="com.recycle.RecycleApplicationTests" time="0.319"/>
</testsuite>